<?xml version="1.0" encoding="UTF-8"?>
<testsuite name="nl.inventory_management.business.impl.GetPalletUseCaseImplTest" tests="3" skipped="0" failures="0" errors="0" timestamp="2023-01-13T18:29:43" hostname="Servets-Air.home" time="0.002">
  <properties/>
  <testcase name="getPalletById_ShouldReturnPalletNotFoundException()" classname="nl.inventory_management.business.impl.GetPalletUseCaseImplTest" time="0.0"/>
  <testcase name="getPalletById_ShouldReturnAnPallet()" classname="nl.inventory_management.business.impl.GetPalletUseCaseImplTest" time="0.001"/>
  <testcase name="getAllPallets_ShouldReturnAllPalletsCreated()" classname="nl.inventory_management.business.impl.GetPalletUseCaseImplTest" time="0.001"/>
  <system-out><![CDATA[]]></system-out>
  <system-err><![CDATA[]]></system-err>
</testsuite>
