<?xml version="1.0" encoding="UTF-8"?>
<testsuite name="nl.inventory_management.business.impl.CreateUserUseCaseImplTest" tests="3" skipped="0" failures="0" errors="0" timestamp="2023-01-13T18:29:43" hostname="Servets-Air.home" time="0.042">
  <properties/>
  <testcase name="createUser_ShouldReturnDepartmentAlreadyExistsException()" classname="nl.inventory_management.business.impl.CreateUserUseCaseImplTest" time="0.04"/>
  <testcase name="createUser_ShouldReturnEmailAlreadyExistsException()" classname="nl.inventory_management.business.impl.CreateUserUseCaseImplTest" time="0.001"/>
  <testcase name="createUser_ShouldReturnUnsupportedUserFieldsException()" classname="nl.inventory_management.business.impl.CreateUserUseCaseImplTest" time="0.0"/>
  <system-out><![CDATA[]]></system-out>
  <system-err><![CDATA[]]></system-err>
</testsuite>
