<?xml version="1.0" encoding="UTF-8"?>
<testsuite name="nl.inventory_management.business.impl.UpdateEmployeeRoleUseCaseImplTest" tests="2" skipped="0" failures="0" errors="0" timestamp="2023-01-13T18:29:43" hostname="Servets-Air.home" time="0.002">
  <properties/>
  <testcase name="updateEmployee_ShouldReturnEmployeeNotFoundException()" classname="nl.inventory_management.business.impl.UpdateEmployeeRoleUseCaseImplTest" time="0.001"/>
  <testcase name="updateEmployee_ShouldReturnEmployeeObject()" classname="nl.inventory_management.business.impl.UpdateEmployeeRoleUseCaseImplTest" time="0.001"/>
  <system-out><![CDATA[]]></system-out>
  <system-err><![CDATA[]]></system-err>
</testsuite>
