<?xml version="1.0" encoding="UTF-8"?>
<testsuite name="nl.inventory_management.business.impl.UpdateProductUseCaseImplTest" tests="3" skipped="0" failures="0" errors="0" timestamp="2023-01-13T18:29:43" hostname="Servets-Air.home" time="0.003">
  <properties/>
  <testcase name="updateProduct_ShouldReturnProductNotFoundException()" classname="nl.inventory_management.business.impl.UpdateProductUseCaseImplTest" time="0.001"/>
  <testcase name="updateProductShouldReturnAProduct()" classname="nl.inventory_management.business.impl.UpdateProductUseCaseImplTest" time="0.001"/>
  <testcase name="updateProduct_ShouldReturnProductNameAlreadyExistsException()" classname="nl.inventory_management.business.impl.UpdateProductUseCaseImplTest" time="0.001"/>
  <system-out><![CDATA[]]></system-out>
  <system-err><![CDATA[]]></system-err>
</testsuite>
