<?xml version="1.0" encoding="UTF-8"?>
<testsuite name="nl.inventory_management.business.impl.CreateLocationUseCaseImplTest" tests="3" skipped="0" failures="0" errors="0" timestamp="2023-01-13T18:29:43" hostname="Servets-Air.home" time="0.03">
  <properties/>
  <testcase name="createLocation_ShouldReturnLocationNameAlreadyExistsException()" classname="nl.inventory_management.business.impl.CreateLocationUseCaseImplTest" time="0.027"/>
  <testcase name="createLocationShouldReturnALocation()" classname="nl.inventory_management.business.impl.CreateLocationUseCaseImplTest" time="0.001"/>
  <testcase name="createLocation_ShouldReturnUnsupportedLocationFieldsException()" classname="nl.inventory_management.business.impl.CreateLocationUseCaseImplTest" time="0.0"/>
  <system-out><![CDATA[]]></system-out>
  <system-err><![CDATA[]]></system-err>
</testsuite>
