<?xml version="1.0" encoding="UTF-8"?>
<testsuite name="nl.inventory_management.business.impl.DeletePalletUseCaseImplTest" tests="1" skipped="0" failures="0" errors="0" timestamp="2023-01-13T18:29:43" hostname="Servets-Air.home" time="0.02">
  <properties/>
  <testcase name="deletePallet()" classname="nl.inventory_management.business.impl.DeletePalletUseCaseImplTest" time="0.02"/>
  <system-out><![CDATA[]]></system-out>
  <system-err><![CDATA[]]></system-err>
</testsuite>
