<?xml version="1.0" encoding="UTF-8"?>
<testsuite name="nl.inventory_management.business.impl.GetProductUseCaseImplTest" tests="5" skipped="0" failures="0" errors="0" timestamp="2023-01-13T18:29:43" hostname="Servets-Air.home" time="0.004">
  <properties/>
  <testcase name="getProductById_ShouldReturnAProduct()" classname="nl.inventory_management.business.impl.GetProductUseCaseImplTest" time="0.001"/>
  <testcase name="getProductById_ShouldReturnProductNotFoundException()" classname="nl.inventory_management.business.impl.GetProductUseCaseImplTest" time="0.001"/>
  <testcase name="getProductByName_ShouldReturnAProduct()" classname="nl.inventory_management.business.impl.GetProductUseCaseImplTest" time="0.001"/>
  <testcase name="getAllProducts_ShouldReturnAllProductsCreated()" classname="nl.inventory_management.business.impl.GetProductUseCaseImplTest" time="0.0"/>
  <testcase name="getProductByName_ShouldReturnProductNotFoundException()" classname="nl.inventory_management.business.impl.GetProductUseCaseImplTest" time="0.001"/>
  <system-out><![CDATA[]]></system-out>
  <system-err><![CDATA[]]></system-err>
</testsuite>
