<?xml version="1.0" encoding="UTF-8"?>
<testsuite name="nl.inventory_management.business.impl.GetDepartmentUseCaseImplTest" tests="5" skipped="0" failures="0" errors="0" timestamp="2023-01-13T18:29:43" hostname="Servets-Air.home" time="0.004">
  <properties/>
  <testcase name="getDepartmentById_ShouldReturnDepartmentNotFoundException()" classname="nl.inventory_management.business.impl.GetDepartmentUseCaseImplTest" time="0.001"/>
  <testcase name="getAllDepartments_ShouldReturnAllDepartmentsCreated()" classname="nl.inventory_management.business.impl.GetDepartmentUseCaseImplTest" time="0.001"/>
  <testcase name="getDepartmentByName_ShouldReturnDepartmentNotFoundException()" classname="nl.inventory_management.business.impl.GetDepartmentUseCaseImplTest" time="0.001"/>
  <testcase name="getDepartmentById_ShouldReturnAnObject()" classname="nl.inventory_management.business.impl.GetDepartmentUseCaseImplTest" time="0.001"/>
  <testcase name="getDepartmentByName_ShouldReturnAnObject()" classname="nl.inventory_management.business.impl.GetDepartmentUseCaseImplTest" time="0.0"/>
  <system-out><![CDATA[]]></system-out>
  <system-err><![CDATA[]]></system-err>
</testsuite>
