<?xml version="1.0" encoding="UTF-8"?>
<testsuite name="nl.inventory_management.business.impl.CreateDepartmentUseCaseImplTest" tests="3" skipped="0" failures="0" errors="0" timestamp="2023-01-13T18:29:43" hostname="Servets-Air.home" time="0.399">
  <properties/>
  <testcase name="createDepartment_ShouldReturnDepartmentAlreadyExistsException()" classname="nl.inventory_management.business.impl.CreateDepartmentUseCaseImplTest" time="0.394"/>
  <testcase name="createDepartment_ShouldReturnDepartmentDescriptionTooShortException()" classname="nl.inventory_management.business.impl.CreateDepartmentUseCaseImplTest" time="0.001"/>
  <testcase name="createDepartmentShouldReturnADepartment()" classname="nl.inventory_management.business.impl.CreateDepartmentUseCaseImplTest" time="0.004"/>
  <system-out><![CDATA[]]></system-out>
  <system-err><![CDATA[]]></system-err>
</testsuite>
