<?xml version="1.0" encoding="UTF-8"?>
<testsuite name="nl.inventory_management.business.impl.GetInvoiceUseCaseImplTest" tests="2" skipped="0" failures="0" errors="0" timestamp="2023-01-13T18:29:43" hostname="Servets-Air.home" time="0.009">
  <properties/>
  <testcase name="getStatisticByByProductIdShouldReturnAlist()" classname="nl.inventory_management.business.impl.GetInvoiceUseCaseImplTest" time="0.008"/>
  <testcase name="getAllInvoicesShouldReturnList()" classname="nl.inventory_management.business.impl.GetInvoiceUseCaseImplTest" time="0.001"/>
  <system-out><![CDATA[]]></system-out>
  <system-err><![CDATA[]]></system-err>
</testsuite>
