<?xml version="1.0" encoding="UTF-8"?>
<testsuite name="nl.inventory_management.business.impl.GetUserUseCaseImplTest" tests="5" skipped="0" failures="0" errors="0" timestamp="2023-01-13T18:29:43" hostname="Servets-Air.home" time="0.008">
  <properties/>
  <testcase name="getUserById_ShouldReturnAUser()" classname="nl.inventory_management.business.impl.GetUserUseCaseImplTest" time="0.004"/>
  <testcase name="getUserById_ShouldReturnUserNotFoundException()" classname="nl.inventory_management.business.impl.GetUserUseCaseImplTest" time="0.001"/>
  <testcase name="getUserByName_ShouldReturnAUser()" classname="nl.inventory_management.business.impl.GetUserUseCaseImplTest" time="0.001"/>
  <testcase name="getUserByName_ShouldReturnUserNotFoundException()" classname="nl.inventory_management.business.impl.GetUserUseCaseImplTest" time="0.001"/>
  <testcase name="getAllUsers_ShouldReturnAllUsersCreated()" classname="nl.inventory_management.business.impl.GetUserUseCaseImplTest" time="0.001"/>
  <system-out><![CDATA[]]></system-out>
  <system-err><![CDATA[]]></system-err>
</testsuite>
